Up                       Main menu                               
Enter                    Main menu                               
Down                     Main menu                               
Down                     Main menu                               
Up                       Main menu                               
Enter                    Main menu                               
Down                     Request menu                            
Down                     Request menu                            
Esc                      Request menu                            
Down                     Main menu                               
n                        Main menu                               
Right                    Choosing an element to create           
Enter                    Choosing an element to create           
n                        Creating new request                    
e                        Creating new request                    
w                        Creating new request                    
_                        Creating new request                    
a                        Creating new request                    
c                        Creating new request                    
Backspace                Creating new request                    
Backspace                Creating new request                    
a                        Creating new request                    
Backspace                Creating new request                    
u                        Creating new request                    
s                        Creating new request                    
e                        Creating new request                    
r                        Creating new request                    
Enter                    Creating new request                    
Down                     Main menu                               
Enter                    Main menu                               
Ctrl-b                   Request menu                            
Ctrl-b                   Request menu                            
Ctrl-b                   Request menu                            
Ctrl-b                   Request menu                            
Ctrl-b                   Request menu                            
Enter                    Request menu                            
{                        Editing request body (Text)             
Enter                    Editing request body (Text)             
Enter                    Editing request body (Text)             
}                        Editing request body (Text)             
Up                       Editing request body (Text)             
Up                       Editing request body (Text)             
Down                     Editing request body (Text)             
Up                       Editing request body (Text)             
Up                       Editing request body (Text)             
Ctrl-h                   Editing request body (Text)             
Esc                      Editing request body (Text)             
Left                     Editing request body (Text)             
Down                     Editing request body (Text)             
Up                       Editing request body (Text)             
Down                     Editing request body (Text)             
Up                       Editing request body (Text)             
Tab                      Editing request body (Text)             
Backspace                Editing request body (Text)             
Space                    Editing request body (Text)             
Space                    Editing request body (Text)             
Shift-e                  Editing request body (Text)             
m                        Editing request body (Text)             
a                        Editing request body (Text)             
i                        Editing request body (Text)             
l                        Editing request body (Text)             
:                        Editing request body (Text)             
Space                    Editing request body (Text)             
Backspace                Editing request body (Text)             
Backspace                Editing request body (Text)             
Backspace                Editing request body (Text)             
Backspace                Editing request body (Text)             
Backspace                Editing request body (Text)             
Backspace                Editing request body (Text)             
Backspace                Editing request body (Text)             
"                        Editing request body (Text)             
Shift-e                  Editing request body (Text)             
m                        Editing request body (Text)             
a                        Editing request body (Text)             
i                        Editing request body (Text)             
l                        Editing request body (Text)             
"                        Editing request body (Text)             
:                        Editing request body (Text)             
Space                    Editing request body (Text)             
"                        Editing request body (Text)             
a                        Editing request body (Text)             
Backspace                Editing request body (Text)             
a                        Editing request body (Text)             
l                        Editing request body (Text)             
b                        Editing request body (Text)             
i                        Editing request body (Text)             
n                        Editing request body (Text)             
o                        Editing request body (Text)             
"                        Editing request body (Text)             
Backspace                Editing request body (Text)             
Shift-q                  Editing request body (Text)             
Backspace                Editing request body (Text)             
Backspace                Editing request body (Text)             
Space                    Editing request body (Text)             
Backspace                Editing request body (Text)             
n                        Editing request body (Text)             
Backspace                Editing request body (Text)             
o                        Editing request body (Text)             
@                        Editing request body (Text)             
t                        Editing request body (Text)             
e                        Editing request body (Text)             
s                        Editing request body (Text)             
t                        Editing request body (Text)             
.                        Editing request body (Text)             
c                        Editing request body (Text)             
o                        Editing request body (Text)             
m                        Editing request body (Text)             
"                        Editing request body (Text)             
Enter                    Editing request body (Text)             
Space                    Editing request body (Text)             
Space                    Editing request body (Text)             
"                        Editing request body (Text)             
Shift-n                  Editing request body (Text)             
a                        Editing request body (Text)             
m                        Editing request body (Text)             
e                        Editing request body (Text)             
:                        Editing request body (Text)             
Space                    Editing request body (Text)             
Backspace                Editing request body (Text)             
Backspace                Editing request body (Text)             
"                        Editing request body (Text)             
:                        Editing request body (Text)             
Space                    Editing request body (Text)             
"                        Editing request body (Text)             
Shift-a                  Editing request body (Text)             
l                        Editing request body (Text)             
b                        Editing request body (Text)             
i                        Editing request body (Text)             
n                        Editing request body (Text)             
o                        Editing request body (Text)             
Space                    Editing request body (Text)             
Shift-v                  Editing request body (Text)             
e                        Editing request body (Text)             
j                        Editing request body (Text)             
a                        Editing request body (Text)             
r                        Editing request body (Text)             
!                        Editing request body (Text)             
Backspace                Editing request body (Text)             
"                        Editing request body (Text)             
Up                       Editing request body (Text)             
End                      Editing request body (Text)             
Home                     Editing request body (Text)             
End                      Editing request body (Text)             
Esc                      Editing request body (Text)             
Enter                    Request menu                            
{                        Editing request body (Text)             
Space                    Editing request body (Text)             
Enter                    Editing request body (Text)             
Space                    Editing request body (Text)             
Space                    Editing request body (Text)             
Shift-e                  Editing request body (Text)             
m                        Editing request body (Text)             
Backspace                Editing request body (Text)             
Backspace                Editing request body (Text)             
Shift-Ä                  Editing request body (Text)             
Backspace                Editing request body (Text)             
"                        Editing request body (Text)             
Shift-e                  Editing request body (Text)             
m                        Editing request body (Text)             
a                        Editing request body (Text)             
i                        Editing request body (Text)             
l                        Editing request body (Text)             
"                        Editing request body (Text)             
:                        Editing request body (Text)             
Space                    Editing request body (Text)             
"                        Editing request body (Text)             
a                        Editing request body (Text)             
l                        Editing request body (Text)             
b                        Editing request body (Text)             
i                        Editing request body (Text)             
n                        Editing request body (Text)             
o                        Editing request body (Text)             
"                        Editing request body (Text)             
,                        Editing request body (Text)             
Left                     Editing request body (Text)             
Left                     Editing request body (Text)             
2                        Editing request body (Text)             
Backspace                Editing request body (Text)             
@                        Editing request body (Text)             
g                        Editing request body (Text)             
m                        Editing request body (Text)             
a                        Editing request body (Text)             
i                        Editing request body (Text)             
l                        Editing request body (Text)             
.                        Editing request body (Text)             
c                        Editing request body (Text)             
o                        Editing request body (Text)             
m                        Editing request body (Text)             
Backspace                Editing request body (Text)             
Backspace                Editing request body (Text)             
Backspace                Editing request body (Text)             
Backspace                Editing request body (Text)             
Backspace                Editing request body (Text)             
Backspace                Editing request body (Text)             
Backspace                Editing request body (Text)             
Backspace                Editing request body (Text)             
Backspace                Editing request body (Text)             
t                        Editing request body (Text)             
e                        Editing request body (Text)             
s                        Editing request body (Text)             
t                        Editing request body (Text)             
.                        Editing request body (Text)             
c                        Editing request body (Text)             
o                        Editing request body (Text)             
m                        Editing request body (Text)             
Right                    Editing request body (Text)             
Right                    Editing request body (Text)             
Enter                    Editing request body (Text)             
Space                    Editing request body (Text)             
Space                    Editing request body (Text)             
"                        Editing request body (Text)             
Shift-n                  Editing request body (Text)             
a                        Editing request body (Text)             
m                        Editing request body (Text)             
e                        Editing request body (Text)             
:                        Editing request body (Text)             
Space                    Editing request body (Text)             
Backspace                Editing request body (Text)             
Backspace                Editing request body (Text)             
"                        Editing request body (Text)             
:                        Editing request body (Text)             
Space                    Editing request body (Text)             
"                        Editing request body (Text)             
a                        Editing request body (Text)             
Backspace                Editing request body (Text)             
Shift-a                  Editing request body (Text)             
l                        Editing request body (Text)             
b                        Editing request body (Text)             
i                        Editing request body (Text)             
n                        Editing request body (Text)             
o                        Editing request body (Text)             
Space                    Editing request body (Text)             
Shift-v                  Editing request body (Text)             
e                        Editing request body (Text)             
j                        Editing request body (Text)             
a                        Editing request body (Text)             
r                        Editing request body (Text)             
"                        Editing request body (Text)             
,                        Editing request body (Text)             
Enter                    Editing request body (Text)             
Space                    Editing request body (Text)             
Space                    Editing request body (Text)             
"                        Editing request body (Text)             
Shift-p                  Editing request body (Text)             
a                        Editing request body (Text)             
s                        Editing request body (Text)             
s                        Editing request body (Text)             
w                        Editing request body (Text)             
o                        Editing request body (Text)             
r                        Editing request body (Text)             
d                        Editing request body (Text)             
:                        Editing request body (Text)             
Space                    Editing request body (Text)             
Backspace                Editing request body (Text)             
Backspace                Editing request body (Text)             
"                        Editing request body (Text)             
:                        Editing request body (Text)             
Shift-l                  Editing request body (Text)             
Backspace                Editing request body (Text)             
Space                    Editing request body (Text)             
"                        Editing request body (Text)             
a                        Editing request body (Text)             
d                        Editing request body (Text)             
v                        Editing request body (Text)             
l                        Editing request body (Text)             
Backspace                Editing request body (Text)             
Backspace                Editing request body (Text)             
Backspace                Editing request body (Text)             
Backspace                Editing request body (Text)             
a                        Editing request body (Text)             
d                        Editing request body (Text)             
v                        Editing request body (Text)             
l                        Editing request body (Text)             
1                        Editing request body (Text)             
2                        Editing request body (Text)             
3                        Editing request body (Text)             
"                        Editing request body (Text)             
,                        Editing request body (Text)             
Backspace                Editing request body (Text)             
Enter                    Editing request body (Text)             
}                        Editing request body (Text)             
Ctrl-s                   Editing request body (Text)             
Ctrl-h                   Request menu                            
Esc                      Request menu                            
m                        Request menu                            
Tab                      Request menu                            
Tab                      Request menu                            
Tab                      Request menu                            
Tab                      Request menu                            
Tab                      Request menu                            
u                        Request menu                            
h                        Editing request URL                     
t                        Editing request URL                     
t                        Editing request URL                     
p                        Editing request URL                     
:                        Editing request URL                     
/                        Editing request URL                     
/                        Editing request URL                     
l                        Editing request URL                     
o                        Editing request URL                     
c                        Editing request URL                     
a                        Editing request URL                     
l                        Editing request URL                     
h                        Editing request URL                     
o                        Editing request URL                     
s                        Editing request URL                     
t                        Editing request URL                     
:                        Editing request URL                     
3                        Editing request URL                     
0                        Editing request URL                     
0                        Editing request URL                     
0                        Editing request URL                     
/                        Editing request URL                     
u                        Editing request URL                     
s                        Editing request URL                     
e                        Editing request URL                     
r                        Editing request URL                     
s                        Editing request URL                     
Enter                    Editing request URL                     
Space                    Request menu                            
Up                       Request menu                            
Up                       Request menu                            
Down                     Request menu                            
Esc                      Request menu                            
Up                       Main menu                               
Up                       Main menu                               
Enter                    Main menu                               
Enter                    Request menu                            
Space                    Request menu                            
Space                    Request menu                            
Down                     Request menu                            
Esc                      Request menu                            
Down                     Main menu                               
Down                     Main menu                               
Enter                    Main menu                               
Space                    Request menu                            
Space                    Request menu                            
Space                    Request menu                            
Space                    Request menu                            
Space                    Request menu                            
Space                    Request menu                            
Space                    Request menu                            
Space                    Request menu                            
